<?xml version="1.0" encoding="UTF-8"?>
<testsuite xmlns:xsi="http://www.w3.org/2001/XMLSchema-instance" xsi:noNamespaceSchemaLocation="https://maven.apache.org/surefire/maven-surefire-plugin/xsd/surefire-test-report-3.0.xsd" version="3.0" name="org.example.SubmitOrderTest" time="0.524" tests="0" errors="0" skipped="0" failures="0">
  <properties>
    <property name="java.specification.version" value="18"/>
    <property name="sun.cpu.isalist" value="amd64"/>
    <property name="sun.jnu.encoding" value="Cp1252"/>
    <property name="java.class.path" value="D:\Selenium\target\test-classes;D:\Selenium\target\classes;C:\Users\Russi\.m2\repository\org\seleniumhq\selenium\selenium-java\4.9.0\selenium-java-4.9.0.jar;C:\Users\Russi\.m2\repository\org\seleniumhq\selenium\selenium-api\4.9.0\selenium-api-4.9.0.jar;C:\Users\Russi\.m2\repository\org\seleniumhq\selenium\selenium-chrome-driver\4.9.0\selenium-chrome-driver-4.9.0.jar;C:\Users\Russi\.m2\repository\com\google\auto\service\auto-service-annotations\1.0.1\auto-service-annotations-1.0.1.jar;C:\Users\Russi\.m2\repository\com\google\auto\service\auto-service\1.0.1\auto-service-1.0.1.jar;C:\Users\Russi\.m2\repository\com\google\auto\auto-common\1.2\auto-common-1.2.jar;C:\Users\Russi\.m2\repository\com\google\guava\guava\31.1-jre\guava-31.1-jre.jar;C:\Users\Russi\.m2\repository\com\google\guava\failureaccess\1.0.1\failureaccess-1.0.1.jar;C:\Users\Russi\.m2\repository\com\google\guava\listenablefuture\9999.0-empty-to-avoid-conflict-with-guava\listenablefuture-9999.0-empty-to-avoid-conflict-with-guava.jar;C:\Users\Russi\.m2\repository\com\google\code\findbugs\jsr305\3.0.2\jsr305-3.0.2.jar;C:\Users\Russi\.m2\repository\org\checkerframework\checker-qual\3.12.0\checker-qual-3.12.0.jar;C:\Users\Russi\.m2\repository\com\google\errorprone\error_prone_annotations\2.11.0\error_prone_annotations-2.11.0.jar;C:\Users\Russi\.m2\repository\com\google\j2objc\j2objc-annotations\1.3\j2objc-annotations-1.3.jar;C:\Users\Russi\.m2\repository\org\seleniumhq\selenium\selenium-chromium-driver\4.9.0\selenium-chromium-driver-4.9.0.jar;C:\Users\Russi\.m2\repository\org\seleniumhq\selenium\selenium-json\4.9.0\selenium-json-4.9.0.jar;C:\Users\Russi\.m2\repository\org\seleniumhq\selenium\selenium-manager\4.9.0\selenium-manager-4.9.0.jar;C:\Users\Russi\.m2\repository\org\seleniumhq\selenium\selenium-devtools-v110\4.9.0\selenium-devtools-v110-4.9.0.jar;C:\Users\Russi\.m2\repository\org\seleniumhq\selenium\selenium-devtools-v111\4.9.0\selenium-devtools-v111-4.9.0.jar;C:\Users\Russi\.m2\repository\org\seleniumhq\selenium\selenium-devtools-v112\4.9.0\selenium-devtools-v112-4.9.0.jar;C:\Users\Russi\.m2\repository\org\seleniumhq\selenium\selenium-devtools-v85\4.9.0\selenium-devtools-v85-4.9.0.jar;C:\Users\Russi\.m2\repository\org\seleniumhq\selenium\selenium-edge-driver\4.9.0\selenium-edge-driver-4.9.0.jar;C:\Users\Russi\.m2\repository\org\seleniumhq\selenium\selenium-firefox-driver\4.9.0\selenium-firefox-driver-4.9.0.jar;C:\Users\Russi\.m2\repository\org\seleniumhq\selenium\selenium-http\4.9.0\selenium-http-4.9.0.jar;C:\Users\Russi\.m2\repository\dev\failsafe\failsafe\3.3.1\failsafe-3.3.1.jar;C:\Users\Russi\.m2\repository\org\seleniumhq\selenium\selenium-ie-driver\4.9.0\selenium-ie-driver-4.9.0.jar;C:\Users\Russi\.m2\repository\org\seleniumhq\selenium\selenium-remote-driver\4.9.0\selenium-remote-driver-4.9.0.jar;C:\Users\Russi\.m2\repository\io\netty\netty-buffer\4.1.91.Final\netty-buffer-4.1.91.Final.jar;C:\Users\Russi\.m2\repository\io\netty\netty-codec-http\4.1.91.Final\netty-codec-http-4.1.91.Final.jar;C:\Users\Russi\.m2\repository\io\netty\netty-codec\4.1.91.Final\netty-codec-4.1.91.Final.jar;C:\Users\Russi\.m2\repository\io\netty\netty-handler\4.1.91.Final\netty-handler-4.1.91.Final.jar;C:\Users\Russi\.m2\repository\io\netty\netty-common\4.1.91.Final\netty-common-4.1.91.Final.jar;C:\Users\Russi\.m2\repository\io\netty\netty-transport-classes-epoll\4.1.91.Final\netty-transport-classes-epoll-4.1.91.Final.jar;C:\Users\Russi\.m2\repository\io\netty\netty-transport-classes-kqueue\4.1.91.Final\netty-transport-classes-kqueue-4.1.91.Final.jar;C:\Users\Russi\.m2\repository\io\netty\netty-transport-native-epoll\4.1.91.Final\netty-transport-native-epoll-4.1.91.Final.jar;C:\Users\Russi\.m2\repository\io\netty\netty-transport-native-kqueue\4.1.91.Final\netty-transport-native-kqueue-4.1.91.Final.jar;C:\Users\Russi\.m2\repository\io\netty\netty-transport-native-unix-common\4.1.91.Final\netty-transport-native-unix-common-4.1.91.Final.jar;C:\Users\Russi\.m2\repository\io\netty\netty-transport\4.1.91.Final\netty-transport-4.1.91.Final.jar;C:\Users\Russi\.m2\repository\io\netty\netty-resolver\4.1.91.Final\netty-resolver-4.1.91.Final.jar;C:\Users\Russi\.m2\repository\io\opentelemetry\opentelemetry-api\1.25.0\opentelemetry-api-1.25.0.jar;C:\Users\Russi\.m2\repository\io\opentelemetry\opentelemetry-context\1.25.0\opentelemetry-context-1.25.0.jar;C:\Users\Russi\.m2\repository\io\opentelemetry\opentelemetry-exporter-logging\1.25.0\opentelemetry-exporter-logging-1.25.0.jar;C:\Users\Russi\.m2\repository\io\opentelemetry\opentelemetry-sdk-metrics\1.25.0\opentelemetry-sdk-metrics-1.25.0.jar;C:\Users\Russi\.m2\repository\io\opentelemetry\opentelemetry-sdk-logs\1.25.0-alpha\opentelemetry-sdk-logs-1.25.0-alpha.jar;C:\Users\Russi\.m2\repository\io\opentelemetry\opentelemetry-api-logs\1.25.0-alpha\opentelemetry-api-logs-1.25.0-alpha.jar;C:\Users\Russi\.m2\repository\io\opentelemetry\opentelemetry-api-events\1.25.0-alpha\opentelemetry-api-events-1.25.0-alpha.jar;C:\Users\Russi\.m2\repository\io\opentelemetry\opentelemetry-sdk-common\1.25.0\opentelemetry-sdk-common-1.25.0.jar;C:\Users\Russi\.m2\repository\io\opentelemetry\opentelemetry-sdk-extension-autoconfigure-spi\1.25.0\opentelemetry-sdk-extension-autoconfigure-spi-1.25.0.jar;C:\Users\Russi\.m2\repository\io\opentelemetry\opentelemetry-sdk-extension-autoconfigure\1.25.0-alpha\opentelemetry-sdk-extension-autoconfigure-1.25.0-alpha.jar;C:\Users\Russi\.m2\repository\io\opentelemetry\opentelemetry-sdk-trace\1.25.0\opentelemetry-sdk-trace-1.25.0.jar;C:\Users\Russi\.m2\repository\io\opentelemetry\opentelemetry-sdk\1.25.0\opentelemetry-sdk-1.25.0.jar;C:\Users\Russi\.m2\repository\io\opentelemetry\opentelemetry-semconv\1.25.0-alpha\opentelemetry-semconv-1.25.0-alpha.jar;C:\Users\Russi\.m2\repository\io\ous\jtoml\2.0.0\jtoml-2.0.0.jar;C:\Users\Russi\.m2\repository\net\bytebuddy\byte-buddy\1.14.4\byte-buddy-1.14.4.jar;C:\Users\Russi\.m2\repository\org\apache\commons\commons-exec\1.3\commons-exec-1.3.jar;C:\Users\Russi\.m2\repository\org\asynchttpclient\async-http-client\2.12.3\async-http-client-2.12.3.jar;C:\Users\Russi\.m2\repository\org\asynchttpclient\async-http-client-netty-utils\2.12.3\async-http-client-netty-utils-2.12.3.jar;C:\Users\Russi\.m2\repository\io\netty\netty-codec-socks\4.1.60.Final\netty-codec-socks-4.1.60.Final.jar;C:\Users\Russi\.m2\repository\io\netty\netty-handler-proxy\4.1.60.Final\netty-handler-proxy-4.1.60.Final.jar;C:\Users\Russi\.m2\repository\io\netty\netty-transport-native-epoll\4.1.60.Final\netty-transport-native-epoll-4.1.60.Final-linux-x86_64.jar;C:\Users\Russi\.m2\repository\io\netty\netty-transport-native-kqueue\4.1.60.Final\netty-transport-native-kqueue-4.1.60.Final-osx-x86_64.jar;C:\Users\Russi\.m2\repository\com\typesafe\netty\netty-reactive-streams\2.0.4\netty-reactive-streams-2.0.4.jar;C:\Users\Russi\.m2\repository\com\sun\activation\jakarta.activation\1.2.2\jakarta.activation-1.2.2.jar;C:\Users\Russi\.m2\repository\org\seleniumhq\selenium\selenium-safari-driver\4.9.0\selenium-safari-driver-4.9.0.jar;C:\Users\Russi\.m2\repository\org\seleniumhq\selenium\selenium-support\4.9.0\selenium-support-4.9.0.jar;C:\Users\Russi\.m2\repository\org\testng\testng\7.7.1\testng-7.7.1.jar;C:\Users\Russi\.m2\repository\org\slf4j\slf4j-api\1.7.36\slf4j-api-1.7.36.jar;C:\Users\Russi\.m2\repository\com\beust\jcommander\1.82\jcommander-1.82.jar;C:\Users\Russi\.m2\repository\org\webjars\jquery\3.6.1\jquery-3.6.1.jar;C:\Users\Russi\.m2\repository\commons-io\commons-io\2.11.0\commons-io-2.11.0.jar;C:\Users\Russi\.m2\repository\com\fasterxml\jackson\core\jackson-databind\2.15.2\jackson-databind-2.15.2.jar;C:\Users\Russi\.m2\repository\com\fasterxml\jackson\core\jackson-annotations\2.15.2\jackson-annotations-2.15.2.jar;C:\Users\Russi\.m2\repository\com\fasterxml\jackson\core\jackson-core\2.15.2\jackson-core-2.15.2.jar;C:\Users\Russi\.m2\repository\com\aventstack\extentreports\5.0.9\extentreports-5.0.9.jar;C:\Users\Russi\.m2\repository\io\reactivex\rxjava3\rxjava\3.0.4\rxjava-3.0.4.jar;C:\Users\Russi\.m2\repository\org\reactivestreams\reactive-streams\1.0.3\reactive-streams-1.0.3.jar;C:\Users\Russi\.m2\repository\org\freemarker\freemarker\2.3.30\freemarker-2.3.30.jar;C:\Users\Russi\.m2\repository\com\google\code\gson\gson\2.8.6\gson-2.8.6.jar;C:\Users\Russi\.m2\repository\org\apache\maven\plugins\maven-surefire-plugin\3.1.2\maven-surefire-plugin-3.1.2.jar;C:\Users\Russi\.m2\repository\org\apache\maven\surefire\maven-surefire-common\3.1.2\maven-surefire-common-3.1.2.jar;C:\Users\Russi\.m2\repository\org\apache\maven\surefire\surefire-api\3.1.2\surefire-api-3.1.2.jar;C:\Users\Russi\.m2\repository\org\apache\maven\surefire\surefire-logger-api\3.1.2\surefire-logger-api-3.1.2.jar;C:\Users\Russi\.m2\repository\org\apache\maven\surefire\surefire-extensions-api\3.1.2\surefire-extensions-api-3.1.2.jar;C:\Users\Russi\.m2\repository\org\apache\maven\surefire\surefire-booter\3.1.2\surefire-booter-3.1.2.jar;C:\Users\Russi\.m2\repository\org\apache\maven\surefire\surefire-extensions-spi\3.1.2\surefire-extensions-spi-3.1.2.jar;C:\Users\Russi\.m2\repository\org\eclipse\aether\aether-util\1.0.0.v20140518\aether-util-1.0.0.v20140518.jar;C:\Users\Russi\.m2\repository\org\eclipse\aether\aether-api\1.0.0.v20140518\aether-api-1.0.0.v20140518.jar;C:\Users\Russi\.m2\repository\org\apache\maven\shared\maven-common-artifact-filters\3.1.1\maven-common-artifact-filters-3.1.1.jar;C:\Users\Russi\.m2\repository\org\apache\maven\maven-artifact\3.1.0\maven-artifact-3.1.0.jar;C:\Users\Russi\.m2\repository\org\codehaus\plexus\plexus-utils\3.0.10\plexus-utils-3.0.10.jar;C:\Users\Russi\.m2\repository\org\apache\maven\maven-core\3.1.0\maven-core-3.1.0.jar;C:\Users\Russi\.m2\repository\org\apache\maven\maven-settings\3.1.0\maven-settings-3.1.0.jar;C:\Users\Russi\.m2\repository\org\apache\maven\maven-settings-builder\3.1.0\maven-settings-builder-3.1.0.jar;C:\Users\Russi\.m2\repository\org\apache\maven\maven-repository-metadata\3.1.0\maven-repository-metadata-3.1.0.jar;C:\Users\Russi\.m2\repository\org\apache\maven\maven-model-builder\3.1.0\maven-model-builder-3.1.0.jar;C:\Users\Russi\.m2\repository\org\apache\maven\maven-aether-provider\3.1.0\maven-aether-provider-3.1.0.jar;C:\Users\Russi\.m2\repository\org\eclipse\aether\aether-spi\0.9.0.M2\aether-spi-0.9.0.M2.jar;C:\Users\Russi\.m2\repository\org\eclipse\aether\aether-impl\0.9.0.M2\aether-impl-0.9.0.M2.jar;C:\Users\Russi\.m2\repository\org\eclipse\sisu\org.eclipse.sisu.plexus\0.0.0.M2a\org.eclipse.sisu.plexus-0.0.0.M2a.jar;C:\Users\Russi\.m2\repository\javax\enterprise\cdi-api\1.0\cdi-api-1.0.jar;C:\Users\Russi\.m2\repository\javax\annotation\jsr250-api\1.0\jsr250-api-1.0.jar;C:\Users\Russi\.m2\repository\javax\inject\javax.inject\1\javax.inject-1.jar;C:\Users\Russi\.m2\repository\org\sonatype\sisu\sisu-guice\3.1.0\sisu-guice-3.1.0-no_aop.jar;C:\Users\Russi\.m2\repository\aopalliance\aopalliance\1.0\aopalliance-1.0.jar;C:\Users\Russi\.m2\repository\org\eclipse\sisu\org.eclipse.sisu.inject\0.0.0.M2a\org.eclipse.sisu.inject-0.0.0.M2a.jar;C:\Users\Russi\.m2\repository\asm\asm\3.3.1\asm-3.3.1.jar;C:\Users\Russi\.m2\repository\org\codehaus\plexus\plexus-interpolation\1.16\plexus-interpolation-1.16.jar;C:\Users\Russi\.m2\repository\org\codehaus\plexus\plexus-classworlds\2.4.2\plexus-classworlds-2.4.2.jar;C:\Users\Russi\.m2\repository\org\codehaus\plexus\plexus-component-annotations\1.5.5\plexus-component-annotations-1.5.5.jar;C:\Users\Russi\.m2\repository\org\sonatype\plexus\plexus-sec-dispatcher\1.3\plexus-sec-dispatcher-1.3.jar;C:\Users\Russi\.m2\repository\org\sonatype\plexus\plexus-cipher\1.4\plexus-cipher-1.4.jar;C:\Users\Russi\.m2\repository\org\apache\maven\maven-plugin-api\3.1.0\maven-plugin-api-3.1.0.jar;C:\Users\Russi\.m2\repository\org\codehaus\plexus\plexus-java\1.1.2\plexus-java-1.1.2.jar;C:\Users\Russi\.m2\repository\org\ow2\asm\asm\9.4\asm-9.4.jar;C:\Users\Russi\.m2\repository\com\thoughtworks\qdox\qdox\2.0.3\qdox-2.0.3.jar;C:\Users\Russi\.m2\repository\org\apache\maven\surefire\surefire-shared-utils\3.1.2\surefire-shared-utils-3.1.2.jar;C:\Users\Russi\.m2\repository\org\projectlombok\lombok\1.18.20\lombok-1.18.20.jar;C:\Users\Russi\.m2\repository\org\slf4j\slf4j-simple\1.7.32\slf4j-simple-1.7.32.jar;"/>
    <property name="java.vm.vendor" value="Oracle Corporation"/>
    <property name="sun.arch.data.model" value="64"/>
    <property name="user.variant" value=""/>
    <property name="java.vendor.url" value="https://java.oracle.com/"/>
    <property name="user.timezone" value="Asia/Calcutta"/>
    <property name="os.name" value="Windows 11"/>
    <property name="java.vm.specification.version" value="18"/>
    <property name="sun.java.launcher" value="SUN_STANDARD"/>
    <property name="user.country" value="US"/>
    <property name="sun.boot.library.path" value="C:\Program Files\Java\jdk-18\bin"/>
    <property name="sun.java.command" value="C:\Users\Russi\AppData\Local\Temp\surefire14844063988051121093\surefirebooter-20230614180145155_3.jar C:\Users\Russi\AppData\Local\Temp\surefire14844063988051121093 2023-06-14T18-01-44_950-jvmRun1 surefire-20230614180145155_1tmp surefire_0-20230614180145155_2tmp"/>
    <property name="jdk.debug" value="release"/>
    <property name="surefire.test.class.path" value="D:\Selenium\target\test-classes;D:\Selenium\target\classes;C:\Users\Russi\.m2\repository\org\seleniumhq\selenium\selenium-java\4.9.0\selenium-java-4.9.0.jar;C:\Users\Russi\.m2\repository\org\seleniumhq\selenium\selenium-api\4.9.0\selenium-api-4.9.0.jar;C:\Users\Russi\.m2\repository\org\seleniumhq\selenium\selenium-chrome-driver\4.9.0\selenium-chrome-driver-4.9.0.jar;C:\Users\Russi\.m2\repository\com\google\auto\service\auto-service-annotations\1.0.1\auto-service-annotations-1.0.1.jar;C:\Users\Russi\.m2\repository\com\google\auto\service\auto-service\1.0.1\auto-service-1.0.1.jar;C:\Users\Russi\.m2\repository\com\google\auto\auto-common\1.2\auto-common-1.2.jar;C:\Users\Russi\.m2\repository\com\google\guava\guava\31.1-jre\guava-31.1-jre.jar;C:\Users\Russi\.m2\repository\com\google\guava\failureaccess\1.0.1\failureaccess-1.0.1.jar;C:\Users\Russi\.m2\repository\com\google\guava\listenablefuture\9999.0-empty-to-avoid-conflict-with-guava\listenablefuture-9999.0-empty-to-avoid-conflict-with-guava.jar;C:\Users\Russi\.m2\repository\com\google\code\findbugs\jsr305\3.0.2\jsr305-3.0.2.jar;C:\Users\Russi\.m2\repository\org\checkerframework\checker-qual\3.12.0\checker-qual-3.12.0.jar;C:\Users\Russi\.m2\repository\com\google\errorprone\error_prone_annotations\2.11.0\error_prone_annotations-2.11.0.jar;C:\Users\Russi\.m2\repository\com\google\j2objc\j2objc-annotations\1.3\j2objc-annotations-1.3.jar;C:\Users\Russi\.m2\repository\org\seleniumhq\selenium\selenium-chromium-driver\4.9.0\selenium-chromium-driver-4.9.0.jar;C:\Users\Russi\.m2\repository\org\seleniumhq\selenium\selenium-json\4.9.0\selenium-json-4.9.0.jar;C:\Users\Russi\.m2\repository\org\seleniumhq\selenium\selenium-manager\4.9.0\selenium-manager-4.9.0.jar;C:\Users\Russi\.m2\repository\org\seleniumhq\selenium\selenium-devtools-v110\4.9.0\selenium-devtools-v110-4.9.0.jar;C:\Users\Russi\.m2\repository\org\seleniumhq\selenium\selenium-devtools-v111\4.9.0\selenium-devtools-v111-4.9.0.jar;C:\Users\Russi\.m2\repository\org\seleniumhq\selenium\selenium-devtools-v112\4.9.0\selenium-devtools-v112-4.9.0.jar;C:\Users\Russi\.m2\repository\org\seleniumhq\selenium\selenium-devtools-v85\4.9.0\selenium-devtools-v85-4.9.0.jar;C:\Users\Russi\.m2\repository\org\seleniumhq\selenium\selenium-edge-driver\4.9.0\selenium-edge-driver-4.9.0.jar;C:\Users\Russi\.m2\repository\org\seleniumhq\selenium\selenium-firefox-driver\4.9.0\selenium-firefox-driver-4.9.0.jar;C:\Users\Russi\.m2\repository\org\seleniumhq\selenium\selenium-http\4.9.0\selenium-http-4.9.0.jar;C:\Users\Russi\.m2\repository\dev\failsafe\failsafe\3.3.1\failsafe-3.3.1.jar;C:\Users\Russi\.m2\repository\org\seleniumhq\selenium\selenium-ie-driver\4.9.0\selenium-ie-driver-4.9.0.jar;C:\Users\Russi\.m2\repository\org\seleniumhq\selenium\selenium-remote-driver\4.9.0\selenium-remote-driver-4.9.0.jar;C:\Users\Russi\.m2\repository\io\netty\netty-buffer\4.1.91.Final\netty-buffer-4.1.91.Final.jar;C:\Users\Russi\.m2\repository\io\netty\netty-codec-http\4.1.91.Final\netty-codec-http-4.1.91.Final.jar;C:\Users\Russi\.m2\repository\io\netty\netty-codec\4.1.91.Final\netty-codec-4.1.91.Final.jar;C:\Users\Russi\.m2\repository\io\netty\netty-handler\4.1.91.Final\netty-handler-4.1.91.Final.jar;C:\Users\Russi\.m2\repository\io\netty\netty-common\4.1.91.Final\netty-common-4.1.91.Final.jar;C:\Users\Russi\.m2\repository\io\netty\netty-transport-classes-epoll\4.1.91.Final\netty-transport-classes-epoll-4.1.91.Final.jar;C:\Users\Russi\.m2\repository\io\netty\netty-transport-classes-kqueue\4.1.91.Final\netty-transport-classes-kqueue-4.1.91.Final.jar;C:\Users\Russi\.m2\repository\io\netty\netty-transport-native-epoll\4.1.91.Final\netty-transport-native-epoll-4.1.91.Final.jar;C:\Users\Russi\.m2\repository\io\netty\netty-transport-native-kqueue\4.1.91.Final\netty-transport-native-kqueue-4.1.91.Final.jar;C:\Users\Russi\.m2\repository\io\netty\netty-transport-native-unix-common\4.1.91.Final\netty-transport-native-unix-common-4.1.91.Final.jar;C:\Users\Russi\.m2\repository\io\netty\netty-transport\4.1.91.Final\netty-transport-4.1.91.Final.jar;C:\Users\Russi\.m2\repository\io\netty\netty-resolver\4.1.91.Final\netty-resolver-4.1.91.Final.jar;C:\Users\Russi\.m2\repository\io\opentelemetry\opentelemetry-api\1.25.0\opentelemetry-api-1.25.0.jar;C:\Users\Russi\.m2\repository\io\opentelemetry\opentelemetry-context\1.25.0\opentelemetry-context-1.25.0.jar;C:\Users\Russi\.m2\repository\io\opentelemetry\opentelemetry-exporter-logging\1.25.0\opentelemetry-exporter-logging-1.25.0.jar;C:\Users\Russi\.m2\repository\io\opentelemetry\opentelemetry-sdk-metrics\1.25.0\opentelemetry-sdk-metrics-1.25.0.jar;C:\Users\Russi\.m2\repository\io\opentelemetry\opentelemetry-sdk-logs\1.25.0-alpha\opentelemetry-sdk-logs-1.25.0-alpha.jar;C:\Users\Russi\.m2\repository\io\opentelemetry\opentelemetry-api-logs\1.25.0-alpha\opentelemetry-api-logs-1.25.0-alpha.jar;C:\Users\Russi\.m2\repository\io\opentelemetry\opentelemetry-api-events\1.25.0-alpha\opentelemetry-api-events-1.25.0-alpha.jar;C:\Users\Russi\.m2\repository\io\opentelemetry\opentelemetry-sdk-common\1.25.0\opentelemetry-sdk-common-1.25.0.jar;C:\Users\Russi\.m2\repository\io\opentelemetry\opentelemetry-sdk-extension-autoconfigure-spi\1.25.0\opentelemetry-sdk-extension-autoconfigure-spi-1.25.0.jar;C:\Users\Russi\.m2\repository\io\opentelemetry\opentelemetry-sdk-extension-autoconfigure\1.25.0-alpha\opentelemetry-sdk-extension-autoconfigure-1.25.0-alpha.jar;C:\Users\Russi\.m2\repository\io\opentelemetry\opentelemetry-sdk-trace\1.25.0\opentelemetry-sdk-trace-1.25.0.jar;C:\Users\Russi\.m2\repository\io\opentelemetry\opentelemetry-sdk\1.25.0\opentelemetry-sdk-1.25.0.jar;C:\Users\Russi\.m2\repository\io\opentelemetry\opentelemetry-semconv\1.25.0-alpha\opentelemetry-semconv-1.25.0-alpha.jar;C:\Users\Russi\.m2\repository\io\ous\jtoml\2.0.0\jtoml-2.0.0.jar;C:\Users\Russi\.m2\repository\net\bytebuddy\byte-buddy\1.14.4\byte-buddy-1.14.4.jar;C:\Users\Russi\.m2\repository\org\apache\commons\commons-exec\1.3\commons-exec-1.3.jar;C:\Users\Russi\.m2\repository\org\asynchttpclient\async-http-client\2.12.3\async-http-client-2.12.3.jar;C:\Users\Russi\.m2\repository\org\asynchttpclient\async-http-client-netty-utils\2.12.3\async-http-client-netty-utils-2.12.3.jar;C:\Users\Russi\.m2\repository\io\netty\netty-codec-socks\4.1.60.Final\netty-codec-socks-4.1.60.Final.jar;C:\Users\Russi\.m2\repository\io\netty\netty-handler-proxy\4.1.60.Final\netty-handler-proxy-4.1.60.Final.jar;C:\Users\Russi\.m2\repository\io\netty\netty-transport-native-epoll\4.1.60.Final\netty-transport-native-epoll-4.1.60.Final-linux-x86_64.jar;C:\Users\Russi\.m2\repository\io\netty\netty-transport-native-kqueue\4.1.60.Final\netty-transport-native-kqueue-4.1.60.Final-osx-x86_64.jar;C:\Users\Russi\.m2\repository\com\typesafe\netty\netty-reactive-streams\2.0.4\netty-reactive-streams-2.0.4.jar;C:\Users\Russi\.m2\repository\com\sun\activation\jakarta.activation\1.2.2\jakarta.activation-1.2.2.jar;C:\Users\Russi\.m2\repository\org\seleniumhq\selenium\selenium-safari-driver\4.9.0\selenium-safari-driver-4.9.0.jar;C:\Users\Russi\.m2\repository\org\seleniumhq\selenium\selenium-support\4.9.0\selenium-support-4.9.0.jar;C:\Users\Russi\.m2\repository\org\testng\testng\7.7.1\testng-7.7.1.jar;C:\Users\Russi\.m2\repository\org\slf4j\slf4j-api\1.7.36\slf4j-api-1.7.36.jar;C:\Users\Russi\.m2\repository\com\beust\jcommander\1.82\jcommander-1.82.jar;C:\Users\Russi\.m2\repository\org\webjars\jquery\3.6.1\jquery-3.6.1.jar;C:\Users\Russi\.m2\repository\commons-io\commons-io\2.11.0\commons-io-2.11.0.jar;C:\Users\Russi\.m2\repository\com\fasterxml\jackson\core\jackson-databind\2.15.2\jackson-databind-2.15.2.jar;C:\Users\Russi\.m2\repository\com\fasterxml\jackson\core\jackson-annotations\2.15.2\jackson-annotations-2.15.2.jar;C:\Users\Russi\.m2\repository\com\fasterxml\jackson\core\jackson-core\2.15.2\jackson-core-2.15.2.jar;C:\Users\Russi\.m2\repository\com\aventstack\extentreports\5.0.9\extentreports-5.0.9.jar;C:\Users\Russi\.m2\repository\io\reactivex\rxjava3\rxjava\3.0.4\rxjava-3.0.4.jar;C:\Users\Russi\.m2\repository\org\reactivestreams\reactive-streams\1.0.3\reactive-streams-1.0.3.jar;C:\Users\Russi\.m2\repository\org\freemarker\freemarker\2.3.30\freemarker-2.3.30.jar;C:\Users\Russi\.m2\repository\com\google\code\gson\gson\2.8.6\gson-2.8.6.jar;C:\Users\Russi\.m2\repository\org\apache\maven\plugins\maven-surefire-plugin\3.1.2\maven-surefire-plugin-3.1.2.jar;C:\Users\Russi\.m2\repository\org\apache\maven\surefire\maven-surefire-common\3.1.2\maven-surefire-common-3.1.2.jar;C:\Users\Russi\.m2\repository\org\apache\maven\surefire\surefire-api\3.1.2\surefire-api-3.1.2.jar;C:\Users\Russi\.m2\repository\org\apache\maven\surefire\surefire-logger-api\3.1.2\surefire-logger-api-3.1.2.jar;C:\Users\Russi\.m2\repository\org\apache\maven\surefire\surefire-extensions-api\3.1.2\surefire-extensions-api-3.1.2.jar;C:\Users\Russi\.m2\repository\org\apache\maven\surefire\surefire-booter\3.1.2\surefire-booter-3.1.2.jar;C:\Users\Russi\.m2\repository\org\apache\maven\surefire\surefire-extensions-spi\3.1.2\surefire-extensions-spi-3.1.2.jar;C:\Users\Russi\.m2\repository\org\eclipse\aether\aether-util\1.0.0.v20140518\aether-util-1.0.0.v20140518.jar;C:\Users\Russi\.m2\repository\org\eclipse\aether\aether-api\1.0.0.v20140518\aether-api-1.0.0.v20140518.jar;C:\Users\Russi\.m2\repository\org\apache\maven\shared\maven-common-artifact-filters\3.1.1\maven-common-artifact-filters-3.1.1.jar;C:\Users\Russi\.m2\repository\org\apache\maven\maven-artifact\3.1.0\maven-artifact-3.1.0.jar;C:\Users\Russi\.m2\repository\org\codehaus\plexus\plexus-utils\3.0.10\plexus-utils-3.0.10.jar;C:\Users\Russi\.m2\repository\org\apache\maven\maven-core\3.1.0\maven-core-3.1.0.jar;C:\Users\Russi\.m2\repository\org\apache\maven\maven-settings\3.1.0\maven-settings-3.1.0.jar;C:\Users\Russi\.m2\repository\org\apache\maven\maven-settings-builder\3.1.0\maven-settings-builder-3.1.0.jar;C:\Users\Russi\.m2\repository\org\apache\maven\maven-repository-metadata\3.1.0\maven-repository-metadata-3.1.0.jar;C:\Users\Russi\.m2\repository\org\apache\maven\maven-model-builder\3.1.0\maven-model-builder-3.1.0.jar;C:\Users\Russi\.m2\repository\org\apache\maven\maven-aether-provider\3.1.0\maven-aether-provider-3.1.0.jar;C:\Users\Russi\.m2\repository\org\eclipse\aether\aether-spi\0.9.0.M2\aether-spi-0.9.0.M2.jar;C:\Users\Russi\.m2\repository\org\eclipse\aether\aether-impl\0.9.0.M2\aether-impl-0.9.0.M2.jar;C:\Users\Russi\.m2\repository\org\eclipse\sisu\org.eclipse.sisu.plexus\0.0.0.M2a\org.eclipse.sisu.plexus-0.0.0.M2a.jar;C:\Users\Russi\.m2\repository\javax\enterprise\cdi-api\1.0\cdi-api-1.0.jar;C:\Users\Russi\.m2\repository\javax\annotation\jsr250-api\1.0\jsr250-api-1.0.jar;C:\Users\Russi\.m2\repository\javax\inject\javax.inject\1\javax.inject-1.jar;C:\Users\Russi\.m2\repository\org\sonatype\sisu\sisu-guice\3.1.0\sisu-guice-3.1.0-no_aop.jar;C:\Users\Russi\.m2\repository\aopalliance\aopalliance\1.0\aopalliance-1.0.jar;C:\Users\Russi\.m2\repository\org\eclipse\sisu\org.eclipse.sisu.inject\0.0.0.M2a\org.eclipse.sisu.inject-0.0.0.M2a.jar;C:\Users\Russi\.m2\repository\asm\asm\3.3.1\asm-3.3.1.jar;C:\Users\Russi\.m2\repository\org\codehaus\plexus\plexus-interpolation\1.16\plexus-interpolation-1.16.jar;C:\Users\Russi\.m2\repository\org\codehaus\plexus\plexus-classworlds\2.4.2\plexus-classworlds-2.4.2.jar;C:\Users\Russi\.m2\repository\org\codehaus\plexus\plexus-component-annotations\1.5.5\plexus-component-annotations-1.5.5.jar;C:\Users\Russi\.m2\repository\org\sonatype\plexus\plexus-sec-dispatcher\1.3\plexus-sec-dispatcher-1.3.jar;C:\Users\Russi\.m2\repository\org\sonatype\plexus\plexus-cipher\1.4\plexus-cipher-1.4.jar;C:\Users\Russi\.m2\repository\org\apache\maven\maven-plugin-api\3.1.0\maven-plugin-api-3.1.0.jar;C:\Users\Russi\.m2\repository\org\codehaus\plexus\plexus-java\1.1.2\plexus-java-1.1.2.jar;C:\Users\Russi\.m2\repository\org\ow2\asm\asm\9.4\asm-9.4.jar;C:\Users\Russi\.m2\repository\com\thoughtworks\qdox\qdox\2.0.3\qdox-2.0.3.jar;C:\Users\Russi\.m2\repository\org\apache\maven\surefire\surefire-shared-utils\3.1.2\surefire-shared-utils-3.1.2.jar;C:\Users\Russi\.m2\repository\org\projectlombok\lombok\1.18.20\lombok-1.18.20.jar;C:\Users\Russi\.m2\repository\org\slf4j\slf4j-simple\1.7.32\slf4j-simple-1.7.32.jar;"/>
    <property name="sun.cpu.endian" value="little"/>
    <property name="user.home" value="C:\Users\Russi"/>
    <property name="user.language" value="en"/>
    <property name="java.specification.vendor" value="Oracle Corporation"/>
    <property name="java.version.date" value="2022-03-22"/>
    <property name="java.home" value="C:\Program Files\Java\jdk-18"/>
    <property name="file.separator" value="\"/>
    <property name="basedir" value="D:\Selenium"/>
    <property name="java.vm.compressedOopsMode" value="32-bit"/>
    <property name="line.separator" value="&#10;"/>
    <property name="java.vm.specification.vendor" value="Oracle Corporation"/>
    <property name="java.specification.name" value="Java Platform API Specification"/>
    <property name="surefire.real.class.path" value="C:\Users\Russi\AppData\Local\Temp\surefire14844063988051121093\surefirebooter-20230614180145155_3.jar"/>
    <property name="user.script" value=""/>
    <property name="sun.management.compiler" value="HotSpot 64-Bit Tiered Compilers"/>
    <property name="java.runtime.version" value="18+36-2087"/>
    <property name="user.name" value="Russi"/>
    <property name="path.separator" value=";"/>
    <property name="os.version" value="10.0"/>
    <property name="java.runtime.name" value="Java(TM) SE Runtime Environment"/>
    <property name="file.encoding" value="UTF-8"/>
    <property name="java.vm.name" value="Java HotSpot(TM) 64-Bit Server VM"/>
    <property name="localRepository" value="C:\Users\Russi\.m2\repository"/>
    <property name="java.vendor.url.bug" value="https://bugreport.java.com/bugreport/"/>
    <property name="java.io.tmpdir" value="C:\Users\Russi\AppData\Local\Temp\"/>
    <property name="java.version" value="18"/>
    <property name="user.dir" value="D:\Selenium"/>
    <property name="os.arch" value="amd64"/>
    <property name="java.vm.specification.name" value="Java Virtual Machine Specification"/>
    <property name="sun.os.patch.level" value=""/>
    <property name="native.encoding" value="Cp1252"/>
    <property name="java.library.path" value="C:\Program Files\Java\jdk-18\bin;C:\WINDOWS\Sun\Java\bin;C:\WINDOWS\system32;C:\WINDOWS;C:\oraclexe\app\oracle\product\10.2.0\server\bin;C:\Program Files\Common Files\Oracle\Java\javapath;C:\MinGW\bin;C:\WINDOWS\system32;C:\WINDOWS;C:\WINDOWS\System32\Wbem;C:\WINDOWS\System32\WindowsPowerShell\v1.0\;C:\WINDOWS\System32\OpenSSH\;C:\Program Files\Git\cmd;C:\Program Files\nodejs\;C:\ProgramData\chocolatey\bin;C:\Users\Russi\PycharmProjects\pythonProject\venv\Scripts;C:\Program Files\apache-maven-3.9.2-bin\apache-maven-3.9.2\bin;C:\Program Files\Java\jdk-17\bin;C:\Program Files\Java\jdk-11\bin;C:\Users\Russi\AppData\Local\Microsoft\WindowsApps;C:\Users\Russi\AppData\Roaming\npm;C:\Users\Russi\AppData\Local\Programs\Microsoft VS Code\bin;;."/>
    <property name="java.vm.info" value="mixed mode, sharing"/>
    <property name="java.vendor" value="Oracle Corporation"/>
    <property name="java.vm.version" value="18+36-2087"/>
    <property name="sun.io.unicode.encoding" value="UnicodeLittle"/>
    <property name="java.class.version" value="62.0"/>
  </properties>
</testsuite>