<?xml version="1.0" encoding="UTF-8"?>
<!-- Generated by org.testng.reporters.JUnitReportReporter -->
<testsuite hostname="LAPTOP-POTAI8HB" failures="0" tests="1" name="TestCases.SubmitOrderTestNg" time="6.370" errors="0" timestamp="2023-06-15T11:57:05 IST" skipped="0">
  <testcase classname="TestCases.SubmitOrderTestNg" name="orderValidation" time="6.370"/>
  <system-out/>
</testsuite> <!-- TestCases.SubmitOrderTestNg -->
