<?xml version="1.0" encoding="UTF-8"?>
<!-- Generated by org.testng.reporters.JUnitReportReporter -->
<testsuite hostname="LAPTOP-POTAI8HB" failures="0" tests="1" name="Cucumber.TestNgRunner" time="6.472" errors="0" timestamp="2023-06-29T10:53:09 IST" skipped="0">
  <testcase classname="Cucumber.TestNgRunner" name="runScenario" time="6.472"/>
  <system-out/>
</testsuite> <!-- Cucumber.TestNgRunner -->
